mode: atomic
github.com/drewpayment/orbit/services/repository/internal/domain/api_schema.go:173.40,175.2 1 0
github.com/drewpayment/orbit/services/repository/internal/domain/api_schema.go:178.36,180.2 1 0
github.com/drewpayment/orbit/services/repository/internal/domain/api_schema.go:183.41,185.2 1 0
github.com/drewpayment/orbit/services/repository/internal/domain/api_schema.go:188.39,190.2 1 0
github.com/drewpayment/orbit/services/repository/internal/domain/api_schema.go:193.37,195.2 1 0
github.com/drewpayment/orbit/services/repository/internal/domain/api_schema.go:198.39,200.2 1 0
github.com/drewpayment/orbit/services/repository/internal/domain/api_schema.go:203.38,205.2 1 0
github.com/drewpayment/orbit/services/repository/internal/domain/api_schema.go:208.46,209.9 1 0
github.com/drewpayment/orbit/services/repository/internal/domain/api_schema.go:210.28,211.21 1 0
github.com/drewpayment/orbit/services/repository/internal/domain/api_schema.go:212.28,213.16 1 0
github.com/drewpayment/orbit/services/repository/internal/domain/api_schema.go:214.28,215.16 1 0
github.com/drewpayment/orbit/services/repository/internal/domain/api_schema.go:216.28,217.16 1 0
github.com/drewpayment/orbit/services/repository/internal/domain/api_schema.go:218.10,219.21 1 0
github.com/drewpayment/orbit/services/repository/internal/domain/api_schema.go:224.47,225.9 1 0
github.com/drewpayment/orbit/services/repository/internal/domain/api_schema.go:226.29,227.16 1 0
github.com/drewpayment/orbit/services/repository/internal/domain/api_schema.go:228.29,229.18 1 0
github.com/drewpayment/orbit/services/repository/internal/domain/api_schema.go:230.29,231.15 1 0
github.com/drewpayment/orbit/services/repository/internal/domain/api_schema.go:232.10,233.20 1 0
github.com/drewpayment/orbit/services/repository/internal/domain/api_schema.go:238.49,239.9 1 0
github.com/drewpayment/orbit/services/repository/internal/domain/api_schema.go:240.28,241.18 1 0
github.com/drewpayment/orbit/services/repository/internal/domain/api_schema.go:242.28,243.20 1 0
github.com/drewpayment/orbit/services/repository/internal/domain/api_schema.go:244.28,245.19 1 0
github.com/drewpayment/orbit/services/repository/internal/domain/api_schema.go:246.10,247.24 1 0
github.com/drewpayment/orbit/services/repository/internal/domain/api_schema.go:252.45,253.27 1 0
github.com/drewpayment/orbit/services/repository/internal/domain/api_schema.go:253.27,254.15 1 0
github.com/drewpayment/orbit/services/repository/internal/domain/api_schema.go:254.15,256.4 1 0
github.com/drewpayment/orbit/services/repository/internal/domain/api_schema.go:258.2,258.14 1 0
github.com/drewpayment/orbit/services/repository/internal/domain/api_schema.go:262.55,263.33 1 0
github.com/drewpayment/orbit/services/repository/internal/domain/api_schema.go:263.33,264.20 1 0
github.com/drewpayment/orbit/services/repository/internal/domain/api_schema.go:264.20,266.4 1 0
github.com/drewpayment/orbit/services/repository/internal/domain/api_schema.go:268.2,268.14 1 0
github.com/drewpayment/orbit/services/repository/internal/domain/api_schema.go:272.40,273.20 1 0
github.com/drewpayment/orbit/services/repository/internal/domain/api_schema.go:273.20,275.3 1 0
github.com/drewpayment/orbit/services/repository/internal/domain/api_schema.go:279.43,280.27 1 0
github.com/drewpayment/orbit/services/repository/internal/domain/api_schema.go:280.27,281.15 1 0
github.com/drewpayment/orbit/services/repository/internal/domain/api_schema.go:281.15,283.9 2 0
github.com/drewpayment/orbit/services/repository/internal/domain/api_schema.go:289.50,290.30 1 0
github.com/drewpayment/orbit/services/repository/internal/domain/api_schema.go:290.30,292.3 1 0
github.com/drewpayment/orbit/services/repository/internal/domain/api_schema.go:296.53,297.33 1 0
github.com/drewpayment/orbit/services/repository/internal/domain/api_schema.go:297.33,298.20 1 0
github.com/drewpayment/orbit/services/repository/internal/domain/api_schema.go:298.20,300.9 2 0
github.com/drewpayment/orbit/services/repository/internal/domain/api_schema.go:306.82,308.27 1 0
github.com/drewpayment/orbit/services/repository/internal/domain/api_schema.go:308.27,310.3 1 0
github.com/drewpayment/orbit/services/repository/internal/domain/api_schema.go:313.2,313.22 1 0
github.com/drewpayment/orbit/services/repository/internal/domain/api_schema.go:313.22,315.3 1 0
github.com/drewpayment/orbit/services/repository/internal/domain/api_schema.go:317.2,318.19 2 0
github.com/drewpayment/orbit/services/repository/internal/domain/api_schema.go:318.19,320.3 1 0
github.com/drewpayment/orbit/services/repository/internal/domain/api_schema.go:322.2,323.36 1 0
github.com/drewpayment/orbit/services/repository/internal/domain/api_schema.go:327.82,329.27 1 0
github.com/drewpayment/orbit/services/repository/internal/domain/api_schema.go:329.27,331.3 1 0
github.com/drewpayment/orbit/services/repository/internal/domain/api_schema.go:334.2,334.22 1 0
github.com/drewpayment/orbit/services/repository/internal/domain/api_schema.go:334.22,336.3 1 0
github.com/drewpayment/orbit/services/repository/internal/domain/api_schema.go:338.2,338.22 1 0
github.com/drewpayment/orbit/services/repository/internal/domain/api_schema.go:339.16,340.37 1 0
github.com/drewpayment/orbit/services/repository/internal/domain/api_schema.go:341.18,342.37 1 0
github.com/drewpayment/orbit/services/repository/internal/domain/api_schema.go:343.17,344.31 1 0
github.com/drewpayment/orbit/services/repository/internal/domain/api_schema.go:345.10,346.15 1 0
github.com/drewpayment/orbit/services/repository/internal/domain/api_schema.go:353.52,355.2 1 0
github.com/drewpayment/orbit/services/repository/internal/domain/api_schema.go:358.51,360.2 1 0
github.com/drewpayment/orbit/services/repository/internal/domain/api_schema.go:363.53,364.9 1 0
github.com/drewpayment/orbit/services/repository/internal/domain/api_schema.go:365.28,366.21 1 0
github.com/drewpayment/orbit/services/repository/internal/domain/api_schema.go:367.28,368.16 1 0
github.com/drewpayment/orbit/services/repository/internal/domain/api_schema.go:369.28,370.16 1 0
github.com/drewpayment/orbit/services/repository/internal/domain/api_schema.go:371.28,372.16 1 0
github.com/drewpayment/orbit/services/repository/internal/domain/api_schema.go:373.10,374.21 1 0
github.com/drewpayment/orbit/services/repository/internal/domain/api_schema.go:379.54,380.9 1 0
github.com/drewpayment/orbit/services/repository/internal/domain/api_schema.go:381.29,382.16 1 0
github.com/drewpayment/orbit/services/repository/internal/domain/api_schema.go:383.29,384.18 1 0
github.com/drewpayment/orbit/services/repository/internal/domain/api_schema.go:385.29,386.15 1 0
github.com/drewpayment/orbit/services/repository/internal/domain/api_schema.go:387.10,388.20 1 0
github.com/drewpayment/orbit/services/repository/internal/domain/api_schema.go:393.56,394.9 1 0
github.com/drewpayment/orbit/services/repository/internal/domain/api_schema.go:395.31,396.18 1 0
github.com/drewpayment/orbit/services/repository/internal/domain/api_schema.go:397.31,398.20 1 0
github.com/drewpayment/orbit/services/repository/internal/domain/api_schema.go:399.31,400.19 1 0
github.com/drewpayment/orbit/services/repository/internal/domain/api_schema.go:401.10,402.24 1 0
github.com/drewpayment/orbit/services/repository/internal/domain/api_schema.go:407.59,408.9 1 0
github.com/drewpayment/orbit/services/repository/internal/domain/api_schema.go:409.34,410.28 1 0
github.com/drewpayment/orbit/services/repository/internal/domain/api_schema.go:411.34,412.31 1 0
github.com/drewpayment/orbit/services/repository/internal/domain/api_schema.go:413.34,414.32 1 0
github.com/drewpayment/orbit/services/repository/internal/domain/api_schema.go:415.10,416.24 1 0
github.com/drewpayment/orbit/services/repository/internal/domain/api_schema.go:421.43,423.2 1 0
github.com/drewpayment/orbit/services/repository/internal/domain/api_schema.go:426.55,428.2 1 0
github.com/drewpayment/orbit/services/repository/internal/domain/api_schema.go:431.89,433.41 2 0
github.com/drewpayment/orbit/services/repository/internal/domain/api_schema.go:433.41,434.31 1 0
github.com/drewpayment/orbit/services/repository/internal/domain/api_schema.go:434.31,436.4 1 0
github.com/drewpayment/orbit/services/repository/internal/domain/api_schema.go:438.2,438.15 1 0
github.com/drewpayment/orbit/services/repository/internal/domain/api_schema.go:442.50,444.2 1 0
github.com/drewpayment/orbit/services/repository/internal/domain/api_schema.go:447.51,449.2 1 0
github.com/drewpayment/orbit/services/repository/internal/domain/api_schema.go:454.57,456.2 1 0
github.com/drewpayment/orbit/services/repository/internal/domain/api_schema.go:459.57,461.2 1 0
github.com/drewpayment/orbit/services/repository/internal/domain/api_schema.go:465.46,468.2 1 0
github.com/drewpayment/orbit/services/repository/internal/domain/knowledge_space.go:174.43,176.2 1 0
github.com/drewpayment/orbit/services/repository/internal/domain/knowledge_space.go:179.45,181.2 1 0
github.com/drewpayment/orbit/services/repository/internal/domain/knowledge_space.go:184.44,186.2 1 0
github.com/drewpayment/orbit/services/repository/internal/domain/knowledge_space.go:189.52,190.30 1 0
github.com/drewpayment/orbit/services/repository/internal/domain/knowledge_space.go:190.30,192.3 1 0
github.com/drewpayment/orbit/services/repository/internal/domain/knowledge_space.go:193.2,193.58 1 0
github.com/drewpayment/orbit/services/repository/internal/domain/knowledge_space.go:197.56,198.26 1 0
github.com/drewpayment/orbit/services/repository/internal/domain/knowledge_space.go:198.26,200.3 1 0
github.com/drewpayment/orbit/services/repository/internal/domain/knowledge_space.go:201.2,201.57 1 0
github.com/drewpayment/orbit/services/repository/internal/domain/knowledge_space.go:205.51,206.28 1 0
github.com/drewpayment/orbit/services/repository/internal/domain/knowledge_space.go:206.28,207.15 1 0
github.com/drewpayment/orbit/services/repository/internal/domain/knowledge_space.go:207.15,209.4 1 0
github.com/drewpayment/orbit/services/repository/internal/domain/knowledge_space.go:211.2,211.14 1 0
github.com/drewpayment/orbit/services/repository/internal/domain/knowledge_space.go:215.61,216.34 1 0
github.com/drewpayment/orbit/services/repository/internal/domain/knowledge_space.go:216.34,217.20 1 0
github.com/drewpayment/orbit/services/repository/internal/domain/knowledge_space.go:217.20,219.4 1 0
github.com/drewpayment/orbit/services/repository/internal/domain/knowledge_space.go:221.2,221.14 1 0
github.com/drewpayment/orbit/services/repository/internal/domain/knowledge_space.go:225.46,226.21 1 0
github.com/drewpayment/orbit/services/repository/internal/domain/knowledge_space.go:226.21,228.3 1 0
github.com/drewpayment/orbit/services/repository/internal/domain/knowledge_space.go:232.49,233.28 1 0
github.com/drewpayment/orbit/services/repository/internal/domain/knowledge_space.go:233.28,234.15 1 0
github.com/drewpayment/orbit/services/repository/internal/domain/knowledge_space.go:234.15,236.9 2 0
github.com/drewpayment/orbit/services/repository/internal/domain/knowledge_space.go:242.56,243.31 1 0
github.com/drewpayment/orbit/services/repository/internal/domain/knowledge_space.go:243.31,245.3 1 0
github.com/drewpayment/orbit/services/repository/internal/domain/knowledge_space.go:249.59,250.34 1 0
github.com/drewpayment/orbit/services/repository/internal/domain/knowledge_space.go:250.34,251.20 1 0
github.com/drewpayment/orbit/services/repository/internal/domain/knowledge_space.go:251.20,253.9 2 0
github.com/drewpayment/orbit/services/repository/internal/domain/knowledge_space.go:259.88,261.28 1 0
github.com/drewpayment/orbit/services/repository/internal/domain/knowledge_space.go:261.28,263.3 1 0
github.com/drewpayment/orbit/services/repository/internal/domain/knowledge_space.go:266.2,266.22 1 0
github.com/drewpayment/orbit/services/repository/internal/domain/knowledge_space.go:266.22,268.3 1 0
github.com/drewpayment/orbit/services/repository/internal/domain/knowledge_space.go:270.2,270.23 1 0
github.com/drewpayment/orbit/services/repository/internal/domain/knowledge_space.go:271.16,272.37 1 0
github.com/drewpayment/orbit/services/repository/internal/domain/knowledge_space.go:273.18,274.37 1 0
github.com/drewpayment/orbit/services/repository/internal/domain/knowledge_space.go:275.17,276.32 1 0
github.com/drewpayment/orbit/services/repository/internal/domain/knowledge_space.go:277.10,278.15 1 0
github.com/drewpayment/orbit/services/repository/internal/domain/knowledge_space.go:283.88,285.28 1 0
github.com/drewpayment/orbit/services/repository/internal/domain/knowledge_space.go:285.28,287.3 1 0
github.com/drewpayment/orbit/services/repository/internal/domain/knowledge_space.go:290.2,290.22 1 0
github.com/drewpayment/orbit/services/repository/internal/domain/knowledge_space.go:290.22,292.3 1 0
github.com/drewpayment/orbit/services/repository/internal/domain/knowledge_space.go:294.2,295.19 2 0
github.com/drewpayment/orbit/services/repository/internal/domain/knowledge_space.go:295.19,297.3 1 0
github.com/drewpayment/orbit/services/repository/internal/domain/knowledge_space.go:299.2,300.36 1 0
github.com/drewpayment/orbit/services/repository/internal/domain/knowledge_space.go:306.48,308.2 1 0
github.com/drewpayment/orbit/services/repository/internal/domain/knowledge_space.go:311.44,313.2 1 0
github.com/drewpayment/orbit/services/repository/internal/domain/knowledge_space.go:316.47,318.2 1 0
github.com/drewpayment/orbit/services/repository/internal/domain/knowledge_space.go:321.47,323.2 1 0
github.com/drewpayment/orbit/services/repository/internal/domain/knowledge_space.go:326.46,328.2 1 0
github.com/drewpayment/orbit/services/repository/internal/domain/knowledge_space.go:331.61,333.2 1 0
github.com/drewpayment/orbit/services/repository/internal/domain/knowledge_space.go:336.57,337.23 1 0
github.com/drewpayment/orbit/services/repository/internal/domain/knowledge_space.go:337.23,339.3 1 0
github.com/drewpayment/orbit/services/repository/internal/domain/knowledge_space.go:340.2,341.63 2 0
github.com/drewpayment/orbit/services/repository/internal/domain/knowledge_space.go:345.55,349.22 2 0
github.com/drewpayment/orbit/services/repository/internal/domain/knowledge_space.go:349.22,351.3 1 0
github.com/drewpayment/orbit/services/repository/internal/domain/knowledge_space.go:354.2,354.49 1 0
github.com/drewpayment/orbit/services/repository/internal/domain/knowledge_space.go:354.49,356.3 1 0
github.com/drewpayment/orbit/services/repository/internal/domain/knowledge_space.go:356.8,356.31 1 0
github.com/drewpayment/orbit/services/repository/internal/domain/knowledge_space.go:356.31,358.3 1 0
github.com/drewpayment/orbit/services/repository/internal/domain/knowledge_space.go:361.2,361.22 1 0
github.com/drewpayment/orbit/services/repository/internal/domain/knowledge_space.go:361.22,363.3 1 0
github.com/drewpayment/orbit/services/repository/internal/domain/knowledge_space.go:366.2,366.22 1 0
github.com/drewpayment/orbit/services/repository/internal/domain/knowledge_space.go:366.22,368.3 1 0
github.com/drewpayment/orbit/services/repository/internal/domain/knowledge_space.go:371.2,371.28 1 0
github.com/drewpayment/orbit/services/repository/internal/domain/knowledge_space.go:371.28,373.3 1 0
github.com/drewpayment/orbit/services/repository/internal/domain/knowledge_space.go:376.2,377.25 2 0
github.com/drewpayment/orbit/services/repository/internal/domain/knowledge_space.go:377.25,379.3 1 0
github.com/drewpayment/orbit/services/repository/internal/domain/knowledge_space.go:379.8,379.31 1 0
github.com/drewpayment/orbit/services/repository/internal/domain/knowledge_space.go:379.31,381.3 1 0
github.com/drewpayment/orbit/services/repository/internal/domain/knowledge_space.go:383.2,383.14 1 0
github.com/drewpayment/orbit/services/repository/internal/domain/knowledge_space.go:387.53,388.28 1 0
github.com/drewpayment/orbit/services/repository/internal/domain/knowledge_space.go:388.28,389.15 1 0
github.com/drewpayment/orbit/services/repository/internal/domain/knowledge_space.go:389.15,391.4 1 0
github.com/drewpayment/orbit/services/repository/internal/domain/knowledge_space.go:393.2,393.14 1 0
github.com/drewpayment/orbit/services/repository/internal/domain/knowledge_space.go:397.63,398.34 1 0
github.com/drewpayment/orbit/services/repository/internal/domain/knowledge_space.go:398.34,399.20 1 0
github.com/drewpayment/orbit/services/repository/internal/domain/knowledge_space.go:399.20,401.4 1 0
github.com/drewpayment/orbit/services/repository/internal/domain/knowledge_space.go:403.2,403.14 1 0
github.com/drewpayment/orbit/services/repository/internal/domain/knowledge_space.go:407.48,408.21 1 0
github.com/drewpayment/orbit/services/repository/internal/domain/knowledge_space.go:408.21,410.3 1 0
github.com/drewpayment/orbit/services/repository/internal/domain/knowledge_space.go:414.51,415.28 1 0
github.com/drewpayment/orbit/services/repository/internal/domain/knowledge_space.go:415.28,416.15 1 0
github.com/drewpayment/orbit/services/repository/internal/domain/knowledge_space.go:416.15,418.9 2 0
github.com/drewpayment/orbit/services/repository/internal/domain/knowledge_space.go:424.58,425.31 1 0
github.com/drewpayment/orbit/services/repository/internal/domain/knowledge_space.go:425.31,427.3 1 0
github.com/drewpayment/orbit/services/repository/internal/domain/knowledge_space.go:431.61,432.34 1 0
github.com/drewpayment/orbit/services/repository/internal/domain/knowledge_space.go:432.34,433.20 1 0
github.com/drewpayment/orbit/services/repository/internal/domain/knowledge_space.go:433.20,435.9 2 0
github.com/drewpayment/orbit/services/repository/internal/domain/knowledge_space.go:441.113,443.28 1 0
github.com/drewpayment/orbit/services/repository/internal/domain/knowledge_space.go:443.28,445.3 1 0
github.com/drewpayment/orbit/services/repository/internal/domain/knowledge_space.go:448.2,448.23 1 0
github.com/drewpayment/orbit/services/repository/internal/domain/knowledge_space.go:448.23,450.3 1 0
github.com/drewpayment/orbit/services/repository/internal/domain/knowledge_space.go:453.2,453.49 1 0
github.com/drewpayment/orbit/services/repository/internal/domain/knowledge_space.go:457.113,459.28 1 0
github.com/drewpayment/orbit/services/repository/internal/domain/knowledge_space.go:459.28,461.3 1 0
github.com/drewpayment/orbit/services/repository/internal/domain/knowledge_space.go:464.2,464.49 1 0
github.com/drewpayment/orbit/services/repository/internal/domain/knowledge_space.go:468.112,470.28 1 0
github.com/drewpayment/orbit/services/repository/internal/domain/knowledge_space.go:470.28,472.3 1 0
github.com/drewpayment/orbit/services/repository/internal/domain/knowledge_space.go:475.2,475.22 1 0
github.com/drewpayment/orbit/services/repository/internal/domain/knowledge_space.go:475.22,477.3 1 0
github.com/drewpayment/orbit/services/repository/internal/domain/knowledge_space.go:479.2,480.19 2 0
github.com/drewpayment/orbit/services/repository/internal/domain/knowledge_space.go:480.19,482.3 1 0
github.com/drewpayment/orbit/services/repository/internal/domain/knowledge_space.go:484.2,485.36 1 0
github.com/drewpayment/orbit/services/repository/internal/domain/knowledge_space.go:491.61,493.2 1 0
github.com/drewpayment/orbit/services/repository/internal/domain/knowledge_space.go:496.59,498.2 1 0
github.com/drewpayment/orbit/services/repository/internal/domain/knowledge_space.go:501.59,503.2 1 0
github.com/drewpayment/orbit/services/repository/internal/domain/knowledge_space.go:508.54,510.2 1 0
github.com/drewpayment/orbit/services/repository/internal/domain/knowledge_space.go:513.54,515.2 1 0
github.com/drewpayment/orbit/services/repository/internal/domain/knowledge_space.go:520.42,522.2 1 0
github.com/drewpayment/orbit/services/repository/internal/domain/knowledge_space.go:525.45,527.2 1 0
github.com/drewpayment/orbit/services/repository/internal/domain/knowledge_space.go:530.43,532.2 1 0
github.com/drewpayment/orbit/services/repository/internal/domain/knowledge_space.go:535.44,537.2 1 0
github.com/drewpayment/orbit/services/repository/internal/domain/knowledge_space.go:540.44,542.2 1 0
github.com/drewpayment/orbit/services/repository/internal/domain/knowledge_space.go:545.88,547.25 1 0
github.com/drewpayment/orbit/services/repository/internal/domain/knowledge_space.go:547.25,549.3 1 0
github.com/drewpayment/orbit/services/repository/internal/domain/knowledge_space.go:552.2,552.22 1 0
github.com/drewpayment/orbit/services/repository/internal/domain/knowledge_space.go:552.22,554.3 1 0
github.com/drewpayment/orbit/services/repository/internal/domain/knowledge_space.go:556.2,557.19 2 0
github.com/drewpayment/orbit/services/repository/internal/domain/knowledge_space.go:557.19,559.3 1 0
github.com/drewpayment/orbit/services/repository/internal/domain/knowledge_space.go:561.2,562.36 1 0
github.com/drewpayment/orbit/services/repository/internal/domain/knowledge_space.go:566.87,568.25 1 0
github.com/drewpayment/orbit/services/repository/internal/domain/knowledge_space.go:568.25,570.3 1 0
github.com/drewpayment/orbit/services/repository/internal/domain/knowledge_space.go:573.2,573.22 1 0
github.com/drewpayment/orbit/services/repository/internal/domain/knowledge_space.go:573.22,575.3 1 0
github.com/drewpayment/orbit/services/repository/internal/domain/knowledge_space.go:577.2,578.19 2 0
github.com/drewpayment/orbit/services/repository/internal/domain/knowledge_space.go:578.19,580.3 1 0
github.com/drewpayment/orbit/services/repository/internal/domain/knowledge_space.go:582.2,583.36 1 0
github.com/drewpayment/orbit/services/repository/internal/domain/page.go:149.35,151.2 1 0
github.com/drewpayment/orbit/services/repository/internal/domain/page.go:154.31,156.2 1 0
github.com/drewpayment/orbit/services/repository/internal/domain/page.go:159.34,161.2 1 0
github.com/drewpayment/orbit/services/repository/internal/domain/page.go:164.33,166.2 1 0
github.com/drewpayment/orbit/services/repository/internal/domain/page.go:169.48,171.2 1 0
github.com/drewpayment/orbit/services/repository/internal/domain/page.go:174.32,176.2 1 0
github.com/drewpayment/orbit/services/repository/internal/domain/page.go:179.33,181.2 1 0
github.com/drewpayment/orbit/services/repository/internal/domain/page.go:184.33,186.2 1 0
github.com/drewpayment/orbit/services/repository/internal/domain/page.go:189.34,191.2 1 0
github.com/drewpayment/orbit/services/repository/internal/domain/page.go:194.29,196.2 1 0
github.com/drewpayment/orbit/services/repository/internal/domain/page.go:199.35,201.2 1 0
github.com/drewpayment/orbit/services/repository/internal/domain/page.go:204.33,206.2 1 0
github.com/drewpayment/orbit/services/repository/internal/domain/page.go:209.35,211.2 1 0
github.com/drewpayment/orbit/services/repository/internal/domain/page.go:214.45,215.22 1 0
github.com/drewpayment/orbit/services/repository/internal/domain/page.go:215.22,217.3 1 0
github.com/drewpayment/orbit/services/repository/internal/domain/page.go:218.2,219.62 2 0
github.com/drewpayment/orbit/services/repository/internal/domain/page.go:223.45,227.21 2 0
github.com/drewpayment/orbit/services/repository/internal/domain/page.go:227.21,229.3 1 0
github.com/drewpayment/orbit/services/repository/internal/domain/page.go:232.2,233.24 2 0
github.com/drewpayment/orbit/services/repository/internal/domain/page.go:233.24,235.3 1 0
github.com/drewpayment/orbit/services/repository/internal/domain/page.go:238.2,238.26 1 0
github.com/drewpayment/orbit/services/repository/internal/domain/page.go:238.26,240.27 2 0
github.com/drewpayment/orbit/services/repository/internal/domain/page.go:240.27,242.4 1 0
github.com/drewpayment/orbit/services/repository/internal/domain/page.go:242.9,242.35 1 0
github.com/drewpayment/orbit/services/repository/internal/domain/page.go:242.35,244.4 1 0
github.com/drewpayment/orbit/services/repository/internal/domain/page.go:248.2,248.18 1 0
github.com/drewpayment/orbit/services/repository/internal/domain/page.go:248.18,250.3 1 0
github.com/drewpayment/orbit/services/repository/internal/domain/page.go:251.2,251.16 1 0
github.com/drewpayment/orbit/services/repository/internal/domain/page.go:251.16,253.3 1 0
github.com/drewpayment/orbit/services/repository/internal/domain/page.go:255.2,255.14 1 0
github.com/drewpayment/orbit/services/repository/internal/domain/page.go:259.40,260.27 1 0
github.com/drewpayment/orbit/services/repository/internal/domain/page.go:260.27,261.15 1 0
github.com/drewpayment/orbit/services/repository/internal/domain/page.go:261.15,263.4 1 0
github.com/drewpayment/orbit/services/repository/internal/domain/page.go:265.2,265.14 1 0
github.com/drewpayment/orbit/services/repository/internal/domain/page.go:269.48,270.31 1 0
github.com/drewpayment/orbit/services/repository/internal/domain/page.go:270.31,271.19 1 0
github.com/drewpayment/orbit/services/repository/internal/domain/page.go:271.19,273.4 1 0
github.com/drewpayment/orbit/services/repository/internal/domain/page.go:275.2,275.14 1 0
github.com/drewpayment/orbit/services/repository/internal/domain/page.go:279.35,280.20 1 0
github.com/drewpayment/orbit/services/repository/internal/domain/page.go:280.20,282.3 1 0
github.com/drewpayment/orbit/services/repository/internal/domain/page.go:286.38,287.27 1 0
github.com/drewpayment/orbit/services/repository/internal/domain/page.go:287.27,288.15 1 0
github.com/drewpayment/orbit/services/repository/internal/domain/page.go:288.15,290.9 2 0
github.com/drewpayment/orbit/services/repository/internal/domain/page.go:296.43,297.28 1 0
github.com/drewpayment/orbit/services/repository/internal/domain/page.go:297.28,299.3 1 0
github.com/drewpayment/orbit/services/repository/internal/domain/page.go:303.46,304.31 1 0
github.com/drewpayment/orbit/services/repository/internal/domain/page.go:304.31,305.19 1 0
github.com/drewpayment/orbit/services/repository/internal/domain/page.go:305.19,307.9 2 0
github.com/drewpayment/orbit/services/repository/internal/domain/page.go:313.37,314.22 1 0
github.com/drewpayment/orbit/services/repository/internal/domain/page.go:314.22,316.3 1 0
github.com/drewpayment/orbit/services/repository/internal/domain/page.go:317.2,317.16 1 0
github.com/drewpayment/orbit/services/repository/internal/domain/page.go:321.43,322.28 1 0
github.com/drewpayment/orbit/services/repository/internal/domain/page.go:322.28,324.3 1 0
github.com/drewpayment/orbit/services/repository/internal/domain/page.go:325.2,325.22 1 0
github.com/drewpayment/orbit/services/repository/internal/domain/page.go:329.42,330.28 1 0
github.com/drewpayment/orbit/services/repository/internal/domain/page.go:330.28,332.3 1 0
github.com/drewpayment/orbit/services/repository/internal/domain/page.go:333.2,333.19 1 0
github.com/drewpayment/orbit/services/repository/internal/domain/page.go:337.77,339.27 1 0
github.com/drewpayment/orbit/services/repository/internal/domain/page.go:339.27,341.3 1 0
github.com/drewpayment/orbit/services/repository/internal/domain/page.go:344.2,344.19 1 0
github.com/drewpayment/orbit/services/repository/internal/domain/page.go:344.19,346.3 1 0
github.com/drewpayment/orbit/services/repository/internal/domain/page.go:349.2,349.21 1 0
github.com/drewpayment/orbit/services/repository/internal/domain/page.go:349.21,351.3 1 0
github.com/drewpayment/orbit/services/repository/internal/domain/page.go:354.2,354.22 1 0
github.com/drewpayment/orbit/services/repository/internal/domain/page.go:354.22,356.3 1 0
github.com/drewpayment/orbit/services/repository/internal/domain/page.go:358.2,359.19 2 0
github.com/drewpayment/orbit/services/repository/internal/domain/page.go:359.19,361.3 1 0
github.com/drewpayment/orbit/services/repository/internal/domain/page.go:363.2,365.24 1 0
github.com/drewpayment/orbit/services/repository/internal/domain/page.go:369.77,371.27 1 0
github.com/drewpayment/orbit/services/repository/internal/domain/page.go:371.27,373.3 1 0
github.com/drewpayment/orbit/services/repository/internal/domain/page.go:376.2,376.22 1 0
github.com/drewpayment/orbit/services/repository/internal/domain/page.go:376.22,378.3 1 0
github.com/drewpayment/orbit/services/repository/internal/domain/page.go:380.2,381.19 2 0
github.com/drewpayment/orbit/services/repository/internal/domain/page.go:381.19,383.3 1 0
github.com/drewpayment/orbit/services/repository/internal/domain/page.go:385.2,386.36 1 0
github.com/drewpayment/orbit/services/repository/internal/domain/page.go:390.76,392.27 1 0
github.com/drewpayment/orbit/services/repository/internal/domain/page.go:392.27,394.3 1 0
github.com/drewpayment/orbit/services/repository/internal/domain/page.go:397.2,397.22 1 0
github.com/drewpayment/orbit/services/repository/internal/domain/page.go:397.22,399.3 1 0
github.com/drewpayment/orbit/services/repository/internal/domain/page.go:401.2,402.19 2 0
github.com/drewpayment/orbit/services/repository/internal/domain/page.go:402.19,404.3 1 0
github.com/drewpayment/orbit/services/repository/internal/domain/page.go:406.2,407.36 1 0
github.com/drewpayment/orbit/services/repository/internal/domain/page.go:413.41,415.2 1 0
github.com/drewpayment/orbit/services/repository/internal/domain/page.go:418.41,420.2 1 0
github.com/drewpayment/orbit/services/repository/internal/domain/page.go:423.39,425.2 1 0
github.com/drewpayment/orbit/services/repository/internal/domain/page.go:428.42,430.2 1 0
github.com/drewpayment/orbit/services/repository/internal/domain/page.go:433.44,435.2 1 0
github.com/drewpayment/orbit/services/repository/internal/domain/page.go:438.40,440.2 1 0
github.com/drewpayment/orbit/services/repository/internal/domain/page.go:443.49,444.28 1 0
github.com/drewpayment/orbit/services/repository/internal/domain/page.go:444.28,445.15 1 0
github.com/drewpayment/orbit/services/repository/internal/domain/page.go:445.15,447.4 1 0
github.com/drewpayment/orbit/services/repository/internal/domain/page.go:449.2,449.14 1 0
github.com/drewpayment/orbit/services/repository/internal/domain/page.go:453.59,454.33 1 0
github.com/drewpayment/orbit/services/repository/internal/domain/page.go:454.33,455.20 1 0
github.com/drewpayment/orbit/services/repository/internal/domain/page.go:455.20,457.4 1 0
github.com/drewpayment/orbit/services/repository/internal/domain/page.go:459.2,459.14 1 0
github.com/drewpayment/orbit/services/repository/internal/domain/page.go:463.63,464.36 1 0
github.com/drewpayment/orbit/services/repository/internal/domain/page.go:464.36,465.22 1 0
github.com/drewpayment/orbit/services/repository/internal/domain/page.go:465.22,467.4 1 0
github.com/drewpayment/orbit/services/repository/internal/domain/page.go:469.2,469.14 1 0
github.com/drewpayment/orbit/services/repository/internal/domain/page.go:473.54,477.18 2 0
github.com/drewpayment/orbit/services/repository/internal/domain/page.go:477.18,479.3 1 0
github.com/drewpayment/orbit/services/repository/internal/domain/page.go:482.2,482.15 1 0
github.com/drewpayment/orbit/services/repository/internal/domain/page.go:482.15,484.3 1 0
github.com/drewpayment/orbit/services/repository/internal/domain/page.go:486.2,486.14 1 0
github.com/drewpayment/orbit/services/repository/internal/domain/page.go:490.82,492.16 1 0
github.com/drewpayment/orbit/services/repository/internal/domain/page.go:492.16,494.3 1 0
github.com/drewpayment/orbit/services/repository/internal/domain/page.go:497.2,497.56 1 0
github.com/drewpayment/orbit/services/repository/internal/domain/page.go:501.86,503.28 1 0
github.com/drewpayment/orbit/services/repository/internal/domain/page.go:503.28,505.3 1 0
github.com/drewpayment/orbit/services/repository/internal/domain/page.go:508.2,508.22 1 0
github.com/drewpayment/orbit/services/repository/internal/domain/page.go:508.22,510.3 1 0
github.com/drewpayment/orbit/services/repository/internal/domain/page.go:512.2,513.19 2 0
github.com/drewpayment/orbit/services/repository/internal/domain/page.go:513.19,515.3 1 0
github.com/drewpayment/orbit/services/repository/internal/domain/page.go:517.2,518.36 1 0
github.com/drewpayment/orbit/services/repository/internal/domain/page.go:524.37,526.2 1 0
github.com/drewpayment/orbit/services/repository/internal/domain/page.go:529.37,531.2 1 0
github.com/drewpayment/orbit/services/repository/internal/domain/page.go:534.40,536.2 1 0
github.com/drewpayment/orbit/services/repository/internal/domain/page.go:539.36,541.2 1 0
github.com/drewpayment/orbit/services/repository/internal/domain/page.go:544.35,546.2 1 0
github.com/drewpayment/orbit/services/repository/internal/domain/page.go:549.42,551.2 1 0
github.com/drewpayment/orbit/services/repository/internal/domain/page.go:554.42,556.2 1 0
github.com/drewpayment/orbit/services/repository/internal/domain/page.go:559.39,561.2 1 0
github.com/drewpayment/orbit/services/repository/internal/domain/page.go:564.45,565.21 1 0
github.com/drewpayment/orbit/services/repository/internal/domain/page.go:565.21,567.3 1 0
github.com/drewpayment/orbit/services/repository/internal/domain/page.go:568.2,568.15 1 0
github.com/drewpayment/orbit/services/repository/internal/domain/page.go:572.44,574.2 1 0
github.com/drewpayment/orbit/services/repository/internal/domain/page.go:577.44,579.2 1 0
github.com/drewpayment/orbit/services/repository/internal/domain/page.go:582.41,584.2 1 0
github.com/drewpayment/orbit/services/repository/internal/domain/page.go:587.46,588.28 1 0
github.com/drewpayment/orbit/services/repository/internal/domain/page.go:588.28,589.15 1 0
github.com/drewpayment/orbit/services/repository/internal/domain/page.go:589.15,591.4 1 0
github.com/drewpayment/orbit/services/repository/internal/domain/page.go:593.2,593.14 1 0
github.com/drewpayment/orbit/services/repository/internal/domain/page.go:597.47,599.2 1 0
github.com/drewpayment/orbit/services/repository/internal/domain/page.go:602.95,605.2 1 0
github.com/drewpayment/orbit/services/repository/internal/domain/page.go:608.95,610.29 1 0
github.com/drewpayment/orbit/services/repository/internal/domain/page.go:610.29,612.3 1 0
github.com/drewpayment/orbit/services/repository/internal/domain/page.go:615.2,615.48 1 0
github.com/drewpayment/orbit/services/repository/internal/domain/repository.go:305.133,331.2 2 0
github.com/drewpayment/orbit/services/repository/internal/domain/repository.go:334.175,343.40 5 0
github.com/drewpayment/orbit/services/repository/internal/domain/repository.go:343.40,362.37 2 0
github.com/drewpayment/orbit/services/repository/internal/domain/repository.go:362.37,364.4 1 0
github.com/drewpayment/orbit/services/repository/internal/domain/repository.go:367.2,367.13 1 0
github.com/drewpayment/orbit/services/repository/internal/domain/repository.go:371.38,373.2 1 0
github.com/drewpayment/orbit/services/repository/internal/domain/repository.go:376.81,377.22 1 0
github.com/drewpayment/orbit/services/repository/internal/domain/repository.go:377.22,379.3 1 0
github.com/drewpayment/orbit/services/repository/internal/domain/repository.go:382.2,382.34 1 0
github.com/drewpayment/orbit/services/repository/internal/domain/repository.go:382.34,384.23 1 0
github.com/drewpayment/orbit/services/repository/internal/domain/repository.go:385.34,386.15 1 0
github.com/drewpayment/orbit/services/repository/internal/domain/repository.go:387.36,388.57 1 0
github.com/drewpayment/orbit/services/repository/internal/domain/repository.go:389.11,390.16 1 0
github.com/drewpayment/orbit/services/repository/internal/domain/repository.go:394.2,394.13 1 0
github.com/drewpayment/orbit/services/repository/internal/domain/repository.go:398.65,399.37 1 0
github.com/drewpayment/orbit/services/repository/internal/domain/repository.go:399.37,400.39 1 0
github.com/drewpayment/orbit/services/repository/internal/domain/repository.go:400.39,402.4 1 0
github.com/drewpayment/orbit/services/repository/internal/domain/repository.go:404.2,404.14 1 0
github.com/drewpayment/orbit/services/repository/internal/domain/repository.go:408.153,410.35 1 0
github.com/drewpayment/orbit/services/repository/internal/domain/repository.go:410.35,412.3 1 0
github.com/drewpayment/orbit/services/repository/internal/domain/repository.go:414.2,429.19 4 0
github.com/drewpayment/orbit/services/repository/internal/domain/repository.go:433.68,434.37 1 0
github.com/drewpayment/orbit/services/repository/internal/domain/repository.go:434.37,435.39 1 0
github.com/drewpayment/orbit/services/repository/internal/domain/repository.go:435.39,438.4 2 0
github.com/drewpayment/orbit/services/repository/internal/domain/repository.go:440.2,440.14 1 0
github.com/drewpayment/orbit/services/repository/internal/domain/repository.go:444.91,446.37 2 0
github.com/drewpayment/orbit/services/repository/internal/domain/repository.go:446.37,447.36 1 0
github.com/drewpayment/orbit/services/repository/internal/domain/repository.go:447.36,449.4 1 0
github.com/drewpayment/orbit/services/repository/internal/domain/repository.go:451.2,451.17 1 0
github.com/drewpayment/orbit/services/repository/internal/domain/repository.go:455.40,457.2 1 0
github.com/drewpayment/orbit/services/repository/internal/domain/repository.go:460.138,488.2 6 0
github.com/drewpayment/orbit/services/repository/internal/domain/repository.go:491.81,497.2 5 0
github.com/drewpayment/orbit/services/repository/internal/domain/repository.go:500.58,504.2 3 0
github.com/drewpayment/orbit/services/repository/internal/domain/repository.go:507.66,508.39 1 0
github.com/drewpayment/orbit/services/repository/internal/domain/repository.go:508.39,509.26 1 0
github.com/drewpayment/orbit/services/repository/internal/domain/repository.go:509.26,511.4 1 0
github.com/drewpayment/orbit/services/repository/internal/domain/repository.go:513.2,513.12 1 0
github.com/drewpayment/orbit/services/repository/internal/domain/repository.go:517.79,518.39 1 0
github.com/drewpayment/orbit/services/repository/internal/domain/repository.go:518.39,519.26 1 0
github.com/drewpayment/orbit/services/repository/internal/domain/repository.go:519.26,523.4 3 0
github.com/drewpayment/orbit/services/repository/internal/domain/repository.go:525.2,525.14 1 0
github.com/drewpayment/orbit/services/repository/internal/domain/repository.go:529.150,551.2 4 0
github.com/drewpayment/orbit/services/repository/internal/domain/repository.go:554.50,557.39 2 0
github.com/drewpayment/orbit/services/repository/internal/domain/repository.go:557.39,558.48 1 0
github.com/drewpayment/orbit/services/repository/internal/domain/repository.go:558.48,561.4 1 0
github.com/drewpayment/orbit/services/repository/internal/domain/repository.go:564.3,564.49 1 0
github.com/drewpayment/orbit/services/repository/internal/domain/repository.go:564.49,565.65 1 0
github.com/drewpayment/orbit/services/repository/internal/domain/repository.go:565.65,567.5 1 0
github.com/drewpayment/orbit/services/repository/internal/domain/repository.go:571.2,571.15 1 0
github.com/drewpayment/orbit/services/repository/internal/domain/repository.go:575.99,576.19 1 0
github.com/drewpayment/orbit/services/repository/internal/domain/repository.go:577.31,579.13 1 0
github.com/drewpayment/orbit/services/repository/internal/domain/repository.go:580.31,582.13 1 0
github.com/drewpayment/orbit/services/repository/internal/domain/repository.go:583.29,585.13 1 0
github.com/drewpayment/orbit/services/repository/internal/domain/repository.go:586.10,587.13 1 0
github.com/drewpayment/orbit/services/repository/internal/domain/repository.go:592.52,597.2 4 0
github.com/drewpayment/orbit/services/repository/internal/domain/repository.go:600.56,605.2 4 0
github.com/drewpayment/orbit/services/repository/internal/domain/repository.go:608.39,609.18 1 0
github.com/drewpayment/orbit/services/repository/internal/domain/repository.go:609.18,611.3 1 0
github.com/drewpayment/orbit/services/repository/internal/domain/repository.go:613.2,613.18 1 0
github.com/drewpayment/orbit/services/repository/internal/domain/repository.go:613.18,615.3 1 0
github.com/drewpayment/orbit/services/repository/internal/domain/repository.go:617.2,617.31 1 0
github.com/drewpayment/orbit/services/repository/internal/domain/repository.go:617.31,619.3 1 0
github.com/drewpayment/orbit/services/repository/internal/domain/repository.go:622.2,622.16 1 0
github.com/drewpayment/orbit/services/repository/internal/domain/repository.go:624.107,624.107 0 0
github.com/drewpayment/orbit/services/repository/internal/domain/repository.go:626.10,627.34 1 0
github.com/drewpayment/orbit/services/repository/internal/domain/repository.go:631.2,631.54 1 0
github.com/drewpayment/orbit/services/repository/internal/domain/repository.go:631.54,633.3 1 0
github.com/drewpayment/orbit/services/repository/internal/domain/repository.go:635.2,635.12 1 0
github.com/drewpayment/orbit/services/repository/internal/domain/repository.go:639.63,656.2 1 0
github.com/drewpayment/orbit/services/repository/internal/domain/user.go:37.34,38.11 1 0
github.com/drewpayment/orbit/services/repository/internal/domain/user.go:39.22,40.13 1 0
github.com/drewpayment/orbit/services/repository/internal/domain/user.go:41.17,42.12 1 0
github.com/drewpayment/orbit/services/repository/internal/domain/user.go:43.21,44.12 1 0
github.com/drewpayment/orbit/services/repository/internal/domain/user.go:45.18,46.12 1 0
github.com/drewpayment/orbit/services/repository/internal/domain/user.go:47.17,48.12 1 0
github.com/drewpayment/orbit/services/repository/internal/domain/user.go:49.10,50.11 1 0
github.com/drewpayment/orbit/services/repository/internal/domain/user.go:77.40,78.12 1 0
github.com/drewpayment/orbit/services/repository/internal/domain/user.go:79.26,80.13 1 0
github.com/drewpayment/orbit/services/repository/internal/domain/user.go:81.26,82.12 1 0
github.com/drewpayment/orbit/services/repository/internal/domain/user.go:83.30,84.12 1 0
github.com/drewpayment/orbit/services/repository/internal/domain/user.go:85.33,86.12 1 0
github.com/drewpayment/orbit/services/repository/internal/domain/user.go:87.27,88.12 1 0
github.com/drewpayment/orbit/services/repository/internal/domain/user.go:89.10,90.11 1 0
github.com/drewpayment/orbit/services/repository/internal/domain/user.go:238.78,256.2 2 0
github.com/drewpayment/orbit/services/repository/internal/domain/user.go:259.32,261.2 1 0
github.com/drewpayment/orbit/services/repository/internal/domain/user.go:264.63,266.30 1 0
github.com/drewpayment/orbit/services/repository/internal/domain/user.go:266.30,268.3 1 0
github.com/drewpayment/orbit/services/repository/internal/domain/user.go:271.2,271.52 1 0
github.com/drewpayment/orbit/services/repository/internal/domain/user.go:271.52,272.67 1 0
github.com/drewpayment/orbit/services/repository/internal/domain/user.go:272.67,274.4 1 0
github.com/drewpayment/orbit/services/repository/internal/domain/user.go:277.2,277.14 1 0
github.com/drewpayment/orbit/services/repository/internal/domain/user.go:281.71,282.52 1 0
github.com/drewpayment/orbit/services/repository/internal/domain/user.go:282.52,283.67 1 0
github.com/drewpayment/orbit/services/repository/internal/domain/user.go:283.67,285.4 1 0
github.com/drewpayment/orbit/services/repository/internal/domain/user.go:287.2,287.12 1 0
github.com/drewpayment/orbit/services/repository/internal/domain/user.go:291.54,317.13 3 0
github.com/drewpayment/orbit/services/repository/internal/domain/user.go:317.13,319.3 1 0
github.com/drewpayment/orbit/services/repository/internal/domain/user.go:322.2,322.45 1 0
github.com/drewpayment/orbit/services/repository/internal/domain/user.go:322.45,323.35 1 0
github.com/drewpayment/orbit/services/repository/internal/domain/user.go:323.35,325.4 1 0
github.com/drewpayment/orbit/services/repository/internal/domain/user.go:328.3,328.51 1 0
github.com/drewpayment/orbit/services/repository/internal/domain/user.go:328.51,330.76 2 0
github.com/drewpayment/orbit/services/repository/internal/domain/user.go:330.76,332.5 1 0
github.com/drewpayment/orbit/services/repository/internal/domain/user.go:336.2,336.14 1 0
github.com/drewpayment/orbit/services/repository/internal/domain/user.go:340.86,342.30 1 0
github.com/drewpayment/orbit/services/repository/internal/domain/user.go:342.30,344.3 1 0
github.com/drewpayment/orbit/services/repository/internal/domain/user.go:347.2,348.26 2 0
github.com/drewpayment/orbit/services/repository/internal/domain/user.go:348.26,350.3 1 0
github.com/drewpayment/orbit/services/repository/internal/domain/user.go:353.2,378.13 3 0
github.com/drewpayment/orbit/services/repository/internal/domain/user.go:378.13,380.3 1 0
github.com/drewpayment/orbit/services/repository/internal/domain/user.go:383.2,383.45 1 0
github.com/drewpayment/orbit/services/repository/internal/domain/user.go:383.45,384.35 1 0
github.com/drewpayment/orbit/services/repository/internal/domain/user.go:384.35,386.4 1 0
github.com/drewpayment/orbit/services/repository/internal/domain/user.go:389.3,389.51 1 0
github.com/drewpayment/orbit/services/repository/internal/domain/user.go:389.51,391.76 2 0
github.com/drewpayment/orbit/services/repository/internal/domain/user.go:391.76,393.5 1 0
github.com/drewpayment/orbit/services/repository/internal/domain/user.go:397.2,397.14 1 0
github.com/drewpayment/orbit/services/repository/internal/domain/user.go:401.32,403.2 1 0
github.com/drewpayment/orbit/services/repository/internal/domain/user.go:406.37,407.43 1 0
github.com/drewpayment/orbit/services/repository/internal/domain/user.go:407.43,409.3 1 0
github.com/drewpayment/orbit/services/repository/internal/domain/user.go:410.2,410.25 1 0
github.com/drewpayment/orbit/services/repository/internal/domain/user.go:410.25,412.3 1 0
github.com/drewpayment/orbit/services/repository/internal/domain/user.go:413.2,413.19 1 0
github.com/drewpayment/orbit/services/repository/internal/domain/user.go:417.57,428.2 1 0
github.com/drewpayment/orbit/services/repository/internal/domain/user.go:431.33,432.22 1 0
github.com/drewpayment/orbit/services/repository/internal/domain/user.go:432.22,434.3 1 0
github.com/drewpayment/orbit/services/repository/internal/domain/user.go:436.2,436.19 1 0
github.com/drewpayment/orbit/services/repository/internal/domain/user.go:436.19,438.3 1 0
github.com/drewpayment/orbit/services/repository/internal/domain/user.go:440.2,440.25 1 0
github.com/drewpayment/orbit/services/repository/internal/domain/user.go:440.25,442.3 1 0
github.com/drewpayment/orbit/services/repository/internal/domain/user.go:445.2,445.12 1 0
github.com/drewpayment/orbit/services/repository/internal/domain/user.go:466.37,468.2 1 0
github.com/drewpayment/orbit/services/repository/internal/domain/user.go:470.55,475.2 1 0
github.com/drewpayment/orbit/services/repository/internal/domain/workspace.go:256.83,293.2 2 0
github.com/drewpayment/orbit/services/repository/internal/domain/workspace.go:296.37,298.2 1 0
github.com/drewpayment/orbit/services/repository/internal/domain/workspace.go:301.77,303.25 1 0
github.com/drewpayment/orbit/services/repository/internal/domain/workspace.go:303.25,305.3 1 0
github.com/drewpayment/orbit/services/repository/internal/domain/workspace.go:308.2,308.22 1 0
github.com/drewpayment/orbit/services/repository/internal/domain/workspace.go:309.33,310.14 1 0
github.com/drewpayment/orbit/services/repository/internal/domain/workspace.go:311.35,313.31 1 0
github.com/drewpayment/orbit/services/repository/internal/domain/workspace.go:314.34,316.15 1 0
github.com/drewpayment/orbit/services/repository/internal/domain/workspace.go:317.10,318.15 1 0
github.com/drewpayment/orbit/services/repository/internal/domain/workspace.go:323.54,324.35 1 0
github.com/drewpayment/orbit/services/repository/internal/domain/workspace.go:324.35,325.49 1 0
github.com/drewpayment/orbit/services/repository/internal/domain/workspace.go:325.49,327.4 1 0
github.com/drewpayment/orbit/services/repository/internal/domain/workspace.go:329.2,329.14 1 0
github.com/drewpayment/orbit/services/repository/internal/domain/workspace.go:333.66,334.35 1 0
github.com/drewpayment/orbit/services/repository/internal/domain/workspace.go:334.35,335.49 1 0
github.com/drewpayment/orbit/services/repository/internal/domain/workspace.go:335.49,337.4 1 0
github.com/drewpayment/orbit/services/repository/internal/domain/workspace.go:339.2,339.12 1 0
github.com/drewpayment/orbit/services/repository/internal/domain/workspace.go:343.68,345.19 2 0
github.com/drewpayment/orbit/services/repository/internal/domain/workspace.go:345.19,347.3 1 0
github.com/drewpayment/orbit/services/repository/internal/domain/workspace.go:348.2,348.12 1 0
github.com/drewpayment/orbit/services/repository/internal/domain/workspace.go:352.77,354.19 2 0
github.com/drewpayment/orbit/services/repository/internal/domain/workspace.go:354.19,356.3 1 0
github.com/drewpayment/orbit/services/repository/internal/domain/workspace.go:359.2,359.54 1 0
github.com/drewpayment/orbit/services/repository/internal/domain/workspace.go:359.54,360.31 1 0
github.com/drewpayment/orbit/services/repository/internal/domain/workspace.go:360.31,362.4 1 0
github.com/drewpayment/orbit/services/repository/internal/domain/workspace.go:366.2,366.46 1 0
github.com/drewpayment/orbit/services/repository/internal/domain/workspace.go:370.97,391.2 4 0
github.com/drewpayment/orbit/services/repository/internal/domain/workspace.go:394.68,395.35 1 0
github.com/drewpayment/orbit/services/repository/internal/domain/workspace.go:395.35,396.30 1 0
github.com/drewpayment/orbit/services/repository/internal/domain/workspace.go:396.30,403.4 6 0
github.com/drewpayment/orbit/services/repository/internal/domain/workspace.go:405.2,405.14 1 0
github.com/drewpayment/orbit/services/repository/internal/domain/workspace.go:409.95,410.35 1 0
github.com/drewpayment/orbit/services/repository/internal/domain/workspace.go:410.35,411.49 1 0
github.com/drewpayment/orbit/services/repository/internal/domain/workspace.go:411.49,416.4 4 0
github.com/drewpayment/orbit/services/repository/internal/domain/workspace.go:418.2,418.14 1 0
github.com/drewpayment/orbit/services/repository/internal/domain/workspace.go:422.51,424.35 2 0
github.com/drewpayment/orbit/services/repository/internal/domain/workspace.go:424.35,425.59 1 0
github.com/drewpayment/orbit/services/repository/internal/domain/workspace.go:425.59,427.4 1 0
github.com/drewpayment/orbit/services/repository/internal/domain/workspace.go:429.2,429.15 1 0
github.com/drewpayment/orbit/services/repository/internal/domain/workspace.go:433.59,436.56 2 0
github.com/drewpayment/orbit/services/repository/internal/domain/workspace.go:436.56,438.3 1 0
github.com/drewpayment/orbit/services/repository/internal/domain/workspace.go:441.2,442.25 2 0
github.com/drewpayment/orbit/services/repository/internal/domain/workspace.go:446.44,448.35 2 0
github.com/drewpayment/orbit/services/repository/internal/domain/workspace.go:448.35,449.22 1 0
github.com/drewpayment/orbit/services/repository/internal/domain/workspace.go:449.22,451.4 1 0
github.com/drewpayment/orbit/services/repository/internal/domain/workspace.go:453.2,453.52 1 0
github.com/drewpayment/orbit/services/repository/internal/domain/workspace.go:457.45,458.20 1 0
github.com/drewpayment/orbit/services/repository/internal/domain/workspace.go:458.20,460.3 1 0
github.com/drewpayment/orbit/services/repository/internal/domain/workspace.go:461.2,461.66 1 0
github.com/drewpayment/orbit/services/repository/internal/domain/workspace.go:465.63,466.54 1 0
github.com/drewpayment/orbit/services/repository/internal/domain/workspace.go:466.54,467.62 1 0
github.com/drewpayment/orbit/services/repository/internal/domain/workspace.go:467.62,469.4 1 0
github.com/drewpayment/orbit/services/repository/internal/domain/workspace.go:471.2,471.14 1 0
github.com/drewpayment/orbit/services/repository/internal/domain/workspace.go:475.64,476.54 1 0
github.com/drewpayment/orbit/services/repository/internal/domain/workspace.go:476.54,477.26 1 0
github.com/drewpayment/orbit/services/repository/internal/domain/workspace.go:477.26,479.4 1 0
github.com/drewpayment/orbit/services/repository/internal/domain/workspace.go:481.2,481.12 1 0
github.com/drewpayment/orbit/services/repository/internal/domain/workspace.go:485.38,486.18 1 0
github.com/drewpayment/orbit/services/repository/internal/domain/workspace.go:486.18,488.3 1 0
github.com/drewpayment/orbit/services/repository/internal/domain/workspace.go:490.2,490.18 1 0
github.com/drewpayment/orbit/services/repository/internal/domain/workspace.go:490.18,492.3 1 0
github.com/drewpayment/orbit/services/repository/internal/domain/workspace.go:494.2,494.37 1 0
github.com/drewpayment/orbit/services/repository/internal/domain/workspace.go:494.37,496.3 1 0
github.com/drewpayment/orbit/services/repository/internal/domain/workspace.go:498.2,498.34 1 0
github.com/drewpayment/orbit/services/repository/internal/domain/workspace.go:498.34,500.3 1 0
github.com/drewpayment/orbit/services/repository/internal/domain/workspace.go:503.2,503.35 1 0
github.com/drewpayment/orbit/services/repository/internal/domain/workspace.go:503.35,504.22 1 0
github.com/drewpayment/orbit/services/repository/internal/domain/workspace.go:504.22,505.49 1 0
github.com/drewpayment/orbit/services/repository/internal/domain/workspace.go:505.49,507.5 1 0
github.com/drewpayment/orbit/services/repository/internal/domain/workspace.go:511.2,511.12 1 0
github.com/drewpayment/orbit/services/repository/internal/domain/workspace.go:515.62,527.20 2 0
github.com/drewpayment/orbit/services/repository/internal/domain/workspace.go:527.20,530.3 2 0
github.com/drewpayment/orbit/services/repository/internal/domain/workspace.go:533.2,533.48 1 0
github.com/drewpayment/orbit/services/repository/internal/domain/workspace.go:533.48,535.3 1 0
github.com/drewpayment/orbit/services/repository/internal/domain/workspace.go:537.2,537.16 1 0
github.com/drewpayment/orbit/services/repository/internal/domain/workspace.go:541.63,576.13 3 0
github.com/drewpayment/orbit/services/repository/internal/domain/workspace.go:576.13,578.3 1 0
github.com/drewpayment/orbit/services/repository/internal/domain/workspace.go:581.2,581.45 1 0
github.com/drewpayment/orbit/services/repository/internal/domain/workspace.go:581.45,582.35 1 0
github.com/drewpayment/orbit/services/repository/internal/domain/workspace.go:582.35,584.4 1 0
github.com/drewpayment/orbit/services/repository/internal/domain/workspace.go:587.3,587.51 1 0
github.com/drewpayment/orbit/services/repository/internal/domain/workspace.go:587.51,589.76 2 0
github.com/drewpayment/orbit/services/repository/internal/domain/workspace.go:589.76,591.5 1 0
github.com/drewpayment/orbit/services/repository/internal/domain/workspace.go:595.2,595.14 1 0
github.com/drewpayment/orbit/services/repository/internal/domain/workspace.go:599.42,600.12 1 0
github.com/drewpayment/orbit/services/repository/internal/domain/workspace.go:602.50,603.13 1 0
github.com/drewpayment/orbit/services/repository/internal/domain/workspace.go:604.10,605.33 1 0
github.com/drewpayment/orbit/services/repository/internal/grpc/api_catalog_server.go:50.21,56.2 1 0
github.com/drewpayment/orbit/services/repository/internal/grpc/api_catalog_server.go:168.119,172.59 2 0
github.com/drewpayment/orbit/services/repository/internal/grpc/api_catalog_server.go:172.59,175.3 2 0
github.com/drewpayment/orbit/services/repository/internal/grpc/api_catalog_server.go:178.2,179.16 2 0
github.com/drewpayment/orbit/services/repository/internal/grpc/api_catalog_server.go:179.16,182.3 2 0
github.com/drewpayment/orbit/services/repository/internal/grpc/api_catalog_server.go:185.2,186.16 2 0
github.com/drewpayment/orbit/services/repository/internal/grpc/api_catalog_server.go:186.16,189.3 2 0
github.com/drewpayment/orbit/services/repository/internal/grpc/api_catalog_server.go:192.2,192.50 1 0
github.com/drewpayment/orbit/services/repository/internal/grpc/api_catalog_server.go:192.50,196.3 2 0
github.com/drewpayment/orbit/services/repository/internal/grpc/api_catalog_server.go:199.2,199.28 1 0
github.com/drewpayment/orbit/services/repository/internal/grpc/api_catalog_server.go:199.28,201.17 2 0
github.com/drewpayment/orbit/services/repository/internal/grpc/api_catalog_server.go:201.17,204.4 2 0
github.com/drewpayment/orbit/services/repository/internal/grpc/api_catalog_server.go:209.2,223.16 3 0
github.com/drewpayment/orbit/services/repository/internal/grpc/api_catalog_server.go:223.16,226.3 2 0
github.com/drewpayment/orbit/services/repository/internal/grpc/api_catalog_server.go:228.2,235.8 2 0
github.com/drewpayment/orbit/services/repository/internal/grpc/api_catalog_server.go:239.110,243.18 2 0
github.com/drewpayment/orbit/services/repository/internal/grpc/api_catalog_server.go:243.18,245.3 1 0
github.com/drewpayment/orbit/services/repository/internal/grpc/api_catalog_server.go:248.2,249.16 2 0
github.com/drewpayment/orbit/services/repository/internal/grpc/api_catalog_server.go:249.16,252.3 2 0
github.com/drewpayment/orbit/services/repository/internal/grpc/api_catalog_server.go:255.2,256.16 2 0
github.com/drewpayment/orbit/services/repository/internal/grpc/api_catalog_server.go:256.16,259.3 2 0
github.com/drewpayment/orbit/services/repository/internal/grpc/api_catalog_server.go:262.2,263.16 2 0
github.com/drewpayment/orbit/services/repository/internal/grpc/api_catalog_server.go:263.16,266.3 2 0
github.com/drewpayment/orbit/services/repository/internal/grpc/api_catalog_server.go:268.2,274.8 2 0
github.com/drewpayment/orbit/services/repository/internal/grpc/api_catalog_server.go:278.116,283.16 3 0
github.com/drewpayment/orbit/services/repository/internal/grpc/api_catalog_server.go:283.16,286.3 2 0
github.com/drewpayment/orbit/services/repository/internal/grpc/api_catalog_server.go:289.2,290.16 2 0
github.com/drewpayment/orbit/services/repository/internal/grpc/api_catalog_server.go:290.16,293.3 2 0
github.com/drewpayment/orbit/services/repository/internal/grpc/api_catalog_server.go:296.2,296.49 1 0
github.com/drewpayment/orbit/services/repository/internal/grpc/api_catalog_server.go:296.49,300.3 2 0
github.com/drewpayment/orbit/services/repository/internal/grpc/api_catalog_server.go:304.2,311.8 2 0
github.com/drewpayment/orbit/services/repository/internal/grpc/api_catalog_server.go:315.125,319.43 2 0
github.com/drewpayment/orbit/services/repository/internal/grpc/api_catalog_server.go:319.43,321.3 1 0
github.com/drewpayment/orbit/services/repository/internal/grpc/api_catalog_server.go:324.2,325.16 2 0
github.com/drewpayment/orbit/services/repository/internal/grpc/api_catalog_server.go:325.16,328.3 2 0
github.com/drewpayment/orbit/services/repository/internal/grpc/api_catalog_server.go:331.2,338.8 2 0
github.com/drewpayment/orbit/services/repository/internal/grpc/api_catalog_server.go:342.146,346.44 2 0
github.com/drewpayment/orbit/services/repository/internal/grpc/api_catalog_server.go:346.44,348.3 1 0
github.com/drewpayment/orbit/services/repository/internal/grpc/api_catalog_server.go:351.2,352.16 2 0
github.com/drewpayment/orbit/services/repository/internal/grpc/api_catalog_server.go:352.16,355.3 2 0
github.com/drewpayment/orbit/services/repository/internal/grpc/api_catalog_server.go:358.2,359.16 2 0
github.com/drewpayment/orbit/services/repository/internal/grpc/api_catalog_server.go:359.16,362.3 2 0
github.com/drewpayment/orbit/services/repository/internal/grpc/api_catalog_server.go:365.2,374.8 2 0
github.com/drewpayment/orbit/services/repository/internal/grpc/api_catalog_server.go:378.128,383.78 2 0
github.com/drewpayment/orbit/services/repository/internal/grpc/api_catalog_server.go:383.78,385.3 1 0
github.com/drewpayment/orbit/services/repository/internal/grpc/api_catalog_server.go:388.2,389.16 2 0
github.com/drewpayment/orbit/services/repository/internal/grpc/api_catalog_server.go:389.16,392.3 2 0
github.com/drewpayment/orbit/services/repository/internal/grpc/api_catalog_server.go:395.2,396.16 2 0
github.com/drewpayment/orbit/services/repository/internal/grpc/api_catalog_server.go:396.16,399.3 2 0
github.com/drewpayment/orbit/services/repository/internal/grpc/api_catalog_server.go:402.2,411.8 2 0
github.com/drewpayment/orbit/services/repository/internal/grpc/api_catalog_server.go:416.88,417.27 1 0
github.com/drewpayment/orbit/services/repository/internal/grpc/api_catalog_server.go:417.27,419.3 1 0
github.com/drewpayment/orbit/services/repository/internal/grpc/api_catalog_server.go:420.2,420.20 1 0
github.com/drewpayment/orbit/services/repository/internal/grpc/api_catalog_server.go:420.20,422.3 1 0
github.com/drewpayment/orbit/services/repository/internal/grpc/api_catalog_server.go:423.2,423.23 1 0
github.com/drewpayment/orbit/services/repository/internal/grpc/api_catalog_server.go:423.23,425.3 1 0
github.com/drewpayment/orbit/services/repository/internal/grpc/api_catalog_server.go:426.2,426.22 1 0
github.com/drewpayment/orbit/services/repository/internal/grpc/api_catalog_server.go:426.22,428.3 1 0
github.com/drewpayment/orbit/services/repository/internal/grpc/api_catalog_server.go:429.2,429.23 1 0
github.com/drewpayment/orbit/services/repository/internal/grpc/api_catalog_server.go:429.23,431.3 1 0
github.com/drewpayment/orbit/services/repository/internal/grpc/api_catalog_server.go:432.2,432.12 1 0
github.com/drewpayment/orbit/services/repository/internal/grpc/api_catalog_server.go:437.101,440.16 2 0
github.com/drewpayment/orbit/services/repository/internal/grpc/api_catalog_server.go:440.16,444.3 2 0
github.com/drewpayment/orbit/services/repository/internal/grpc/api_catalog_server.go:445.2,445.56 1 0
github.com/drewpayment/orbit/services/repository/internal/grpc/api_catalog_server.go:448.100,450.16 2 0
github.com/drewpayment/orbit/services/repository/internal/grpc/api_catalog_server.go:450.16,454.3 2 0
github.com/drewpayment/orbit/services/repository/internal/grpc/api_catalog_server.go:455.2,455.56 1 0
github.com/drewpayment/orbit/services/repository/internal/grpc/api_catalog_server.go:460.98,470.22 2 0
github.com/drewpayment/orbit/services/repository/internal/grpc/api_catalog_server.go:470.23,473.3 0 0
github.com/drewpayment/orbit/services/repository/internal/grpc/api_catalog_server.go:476.2,476.24 1 0
github.com/drewpayment/orbit/services/repository/internal/grpc/api_catalog_server.go:476.24,478.3 1 0
github.com/drewpayment/orbit/services/repository/internal/grpc/api_catalog_server.go:479.2,479.26 1 0
github.com/drewpayment/orbit/services/repository/internal/grpc/api_catalog_server.go:479.26,481.3 1 0
github.com/drewpayment/orbit/services/repository/internal/grpc/api_catalog_server.go:482.2,482.29 1 0
github.com/drewpayment/orbit/services/repository/internal/grpc/api_catalog_server.go:482.29,484.3 1 0
github.com/drewpayment/orbit/services/repository/internal/grpc/api_catalog_server.go:486.2,486.16 1 0
github.com/drewpayment/orbit/services/repository/internal/grpc/api_catalog_server.go:491.82,494.9 2 0
github.com/drewpayment/orbit/services/repository/internal/grpc/api_catalog_server.go:494.9,496.3 1 0
github.com/drewpayment/orbit/services/repository/internal/grpc/api_catalog_server.go:498.2,499.23 2 0
github.com/drewpayment/orbit/services/repository/internal/grpc/api_catalog_server.go:499.23,501.3 1 0
github.com/drewpayment/orbit/services/repository/internal/grpc/api_catalog_server.go:503.2,504.16 2 0
github.com/drewpayment/orbit/services/repository/internal/grpc/api_catalog_server.go:504.16,506.3 1 0
github.com/drewpayment/orbit/services/repository/internal/grpc/api_catalog_server.go:508.2,508.20 1 0
github.com/drewpayment/orbit/services/repository/internal/grpc/api_catalog_server.go:511.64,512.16 1 0
github.com/drewpayment/orbit/services/repository/internal/grpc/api_catalog_server.go:512.16,514.3 1 0
github.com/drewpayment/orbit/services/repository/internal/grpc/api_catalog_server.go:518.2,518.9 1 0
github.com/drewpayment/orbit/services/repository/internal/grpc/api_catalog_server.go:519.39,520.52 1 0
github.com/drewpayment/orbit/services/repository/internal/grpc/api_catalog_server.go:521.44,522.57 1 0
github.com/drewpayment/orbit/services/repository/internal/grpc/api_catalog_server.go:523.45,524.59 1 0
github.com/drewpayment/orbit/services/repository/internal/grpc/api_catalog_server.go:525.42,526.59 1 0
github.com/drewpayment/orbit/services/repository/internal/grpc/api_catalog_server.go:527.39,528.60 1 0
github.com/drewpayment/orbit/services/repository/internal/grpc/api_catalog_server.go:529.10,531.64 2 0
github.com/drewpayment/orbit/services/repository/internal/grpc/api_catalog_server.go:536.68,540.2 1 0
github.com/drewpayment/orbit/services/repository/internal/grpc/knowledge_server.go:175.57,177.2 0 0
github.com/drewpayment/orbit/services/repository/internal/grpc/knowledge_server.go:179.58,181.2 0 0
github.com/drewpayment/orbit/services/repository/internal/grpc/knowledge_server.go:183.57,185.2 0 0
github.com/drewpayment/orbit/services/repository/internal/grpc/knowledge_server.go:192.20,198.2 1 0
github.com/drewpayment/orbit/services/repository/internal/grpc/knowledge_server.go:201.142,205.38 2 0
github.com/drewpayment/orbit/services/repository/internal/grpc/knowledge_server.go:205.38,207.3 1 0
github.com/drewpayment/orbit/services/repository/internal/grpc/knowledge_server.go:210.2,211.16 2 0
github.com/drewpayment/orbit/services/repository/internal/grpc/knowledge_server.go:211.16,214.3 2 0
github.com/drewpayment/orbit/services/repository/internal/grpc/knowledge_server.go:217.2,218.16 2 0
github.com/drewpayment/orbit/services/repository/internal/grpc/knowledge_server.go:218.16,221.3 2 0
github.com/drewpayment/orbit/services/repository/internal/grpc/knowledge_server.go:224.2,224.58 1 0
github.com/drewpayment/orbit/services/repository/internal/grpc/knowledge_server.go:224.58,228.3 2 0
github.com/drewpayment/orbit/services/repository/internal/grpc/knowledge_server.go:231.2,241.16 3 0
github.com/drewpayment/orbit/services/repository/internal/grpc/knowledge_server.go:241.16,244.3 2 0
github.com/drewpayment/orbit/services/repository/internal/grpc/knowledge_server.go:246.2,253.8 2 0
github.com/drewpayment/orbit/services/repository/internal/grpc/knowledge_server.go:257.133,261.18 2 0
github.com/drewpayment/orbit/services/repository/internal/grpc/knowledge_server.go:261.18,263.3 1 0
github.com/drewpayment/orbit/services/repository/internal/grpc/knowledge_server.go:266.2,267.16 2 0
github.com/drewpayment/orbit/services/repository/internal/grpc/knowledge_server.go:267.16,270.3 2 0
github.com/drewpayment/orbit/services/repository/internal/grpc/knowledge_server.go:273.2,274.16 2 0
github.com/drewpayment/orbit/services/repository/internal/grpc/knowledge_server.go:274.16,277.3 2 0
github.com/drewpayment/orbit/services/repository/internal/grpc/knowledge_server.go:280.2,297.8 2 0
github.com/drewpayment/orbit/services/repository/internal/grpc/knowledge_server.go:301.139,306.16 3 0
github.com/drewpayment/orbit/services/repository/internal/grpc/knowledge_server.go:306.16,309.3 2 0
github.com/drewpayment/orbit/services/repository/internal/grpc/knowledge_server.go:312.2,313.27 2 0
github.com/drewpayment/orbit/services/repository/internal/grpc/knowledge_server.go:313.27,315.17 2 0
github.com/drewpayment/orbit/services/repository/internal/grpc/knowledge_server.go:315.17,318.4 2 0
github.com/drewpayment/orbit/services/repository/internal/grpc/knowledge_server.go:319.8,322.17 2 0
github.com/drewpayment/orbit/services/repository/internal/grpc/knowledge_server.go:322.17,325.4 2 0
github.com/drewpayment/orbit/services/repository/internal/grpc/knowledge_server.go:329.2,338.8 2 0
github.com/drewpayment/orbit/services/repository/internal/grpc/knowledge_server.go:342.142,346.18 2 0
github.com/drewpayment/orbit/services/repository/internal/grpc/knowledge_server.go:346.18,348.3 1 0
github.com/drewpayment/orbit/services/repository/internal/grpc/knowledge_server.go:351.2,352.16 2 0
github.com/drewpayment/orbit/services/repository/internal/grpc/knowledge_server.go:352.16,355.3 2 0
github.com/drewpayment/orbit/services/repository/internal/grpc/knowledge_server.go:358.2,359.16 2 0
github.com/drewpayment/orbit/services/repository/internal/grpc/knowledge_server.go:359.16,362.3 2 0
github.com/drewpayment/orbit/services/repository/internal/grpc/knowledge_server.go:365.2,365.63 1 0
github.com/drewpayment/orbit/services/repository/internal/grpc/knowledge_server.go:365.63,369.3 2 0
github.com/drewpayment/orbit/services/repository/internal/grpc/knowledge_server.go:372.2,389.8 2 0
github.com/drewpayment/orbit/services/repository/internal/grpc/knowledge_server.go:393.142,397.18 2 0
github.com/drewpayment/orbit/services/repository/internal/grpc/knowledge_server.go:397.18,399.3 1 0
github.com/drewpayment/orbit/services/repository/internal/grpc/knowledge_server.go:402.2,403.16 2 0
github.com/drewpayment/orbit/services/repository/internal/grpc/knowledge_server.go:403.16,406.3 2 0
github.com/drewpayment/orbit/services/repository/internal/grpc/knowledge_server.go:409.2,410.16 2 0
github.com/drewpayment/orbit/services/repository/internal/grpc/knowledge_server.go:410.16,413.3 2 0
github.com/drewpayment/orbit/services/repository/internal/grpc/knowledge_server.go:416.2,416.63 1 0
github.com/drewpayment/orbit/services/repository/internal/grpc/knowledge_server.go:416.63,420.3 2 0
github.com/drewpayment/orbit/services/repository/internal/grpc/knowledge_server.go:423.2,428.8 2 0
github.com/drewpayment/orbit/services/repository/internal/grpc/knowledge_server.go:432.130,437.90 2 0
github.com/drewpayment/orbit/services/repository/internal/grpc/knowledge_server.go:437.90,439.3 1 0
github.com/drewpayment/orbit/services/repository/internal/grpc/knowledge_server.go:442.2,443.16 2 0
github.com/drewpayment/orbit/services/repository/internal/grpc/knowledge_server.go:443.16,446.3 2 0
github.com/drewpayment/orbit/services/repository/internal/grpc/knowledge_server.go:449.2,450.16 2 0
github.com/drewpayment/orbit/services/repository/internal/grpc/knowledge_server.go:450.16,453.3 2 0
github.com/drewpayment/orbit/services/repository/internal/grpc/knowledge_server.go:456.2,456.59 1 0
github.com/drewpayment/orbit/services/repository/internal/grpc/knowledge_server.go:456.59,460.3 2 0
github.com/drewpayment/orbit/services/repository/internal/grpc/knowledge_server.go:463.2,483.8 2 0
github.com/drewpayment/orbit/services/repository/internal/grpc/knowledge_server.go:487.127,491.21 2 0
github.com/drewpayment/orbit/services/repository/internal/grpc/knowledge_server.go:491.21,493.3 1 0
github.com/drewpayment/orbit/services/repository/internal/grpc/knowledge_server.go:496.2,497.16 2 0
github.com/drewpayment/orbit/services/repository/internal/grpc/knowledge_server.go:497.16,500.3 2 0
github.com/drewpayment/orbit/services/repository/internal/grpc/knowledge_server.go:503.2,504.32 2 0
github.com/drewpayment/orbit/services/repository/internal/grpc/knowledge_server.go:504.32,506.17 2 0
github.com/drewpayment/orbit/services/repository/internal/grpc/knowledge_server.go:506.17,509.4 2 0
github.com/drewpayment/orbit/services/repository/internal/grpc/knowledge_server.go:510.3,510.27 1 0
github.com/drewpayment/orbit/services/repository/internal/grpc/knowledge_server.go:514.2,523.8 2 0
github.com/drewpayment/orbit/services/repository/internal/grpc/knowledge_server.go:529.81,533.2 1 0
github.com/drewpayment/orbit/services/repository/internal/grpc/knowledge_server.go:536.86,540.2 1 0
github.com/drewpayment/orbit/services/repository/internal/grpc/knowledge_server.go:543.108,546.2 1 0
github.com/drewpayment/orbit/services/repository/internal/grpc/knowledge_server.go:548.120,551.2 1 0
github.com/drewpayment/orbit/services/repository/internal/grpc/knowledge_server.go:553.113,556.2 1 0
github.com/drewpayment/orbit/services/repository/internal/grpc/knowledge_server.go:558.113,561.2 1 0
github.com/drewpayment/orbit/services/repository/internal/grpc/knowledge_server.go:563.109,566.2 1 0
github.com/drewpayment/orbit/services/repository/internal/grpc/knowledge_server.go:569.108,585.2 2 0
github.com/drewpayment/orbit/services/repository/internal/grpc/knowledge_server.go:588.63,589.16 1 0
github.com/drewpayment/orbit/services/repository/internal/grpc/knowledge_server.go:589.16,591.3 1 0
github.com/drewpayment/orbit/services/repository/internal/grpc/knowledge_server.go:594.2,594.9 1 0
github.com/drewpayment/orbit/services/repository/internal/grpc/knowledge_server.go:595.39,596.70 1 0
github.com/drewpayment/orbit/services/repository/internal/grpc/knowledge_server.go:597.44,598.80 1 0
github.com/drewpayment/orbit/services/repository/internal/grpc/knowledge_server.go:599.45,600.74 1 0
github.com/drewpayment/orbit/services/repository/internal/grpc/knowledge_server.go:601.42,602.82 1 0
github.com/drewpayment/orbit/services/repository/internal/grpc/knowledge_server.go:603.39,604.73 1 0
github.com/drewpayment/orbit/services/repository/internal/grpc/knowledge_server.go:605.10,607.64 2 0
github.com/drewpayment/orbit/services/repository/internal/grpc/knowledge_server.go:612.67,616.2 1 0
github.com/drewpayment/orbit/services/repository/internal/grpc/repository_server.go:51.21,58.2 1 0
github.com/drewpayment/orbit/services/repository/internal/grpc/repository_server.go:153.131,157.63 2 0
github.com/drewpayment/orbit/services/repository/internal/grpc/repository_server.go:157.63,160.3 2 0
github.com/drewpayment/orbit/services/repository/internal/grpc/repository_server.go:163.2,164.16 2 0
github.com/drewpayment/orbit/services/repository/internal/grpc/repository_server.go:164.16,167.3 2 0
github.com/drewpayment/orbit/services/repository/internal/grpc/repository_server.go:170.2,171.16 2 0
github.com/drewpayment/orbit/services/repository/internal/grpc/repository_server.go:171.16,174.3 2 0
github.com/drewpayment/orbit/services/repository/internal/grpc/repository_server.go:177.2,177.54 1 0
github.com/drewpayment/orbit/services/repository/internal/grpc/repository_server.go:177.54,181.3 2 0
github.com/drewpayment/orbit/services/repository/internal/grpc/repository_server.go:184.2,185.26 2 0
github.com/drewpayment/orbit/services/repository/internal/grpc/repository_server.go:185.26,187.17 2 0
github.com/drewpayment/orbit/services/repository/internal/grpc/repository_server.go:187.17,190.4 2 0
github.com/drewpayment/orbit/services/repository/internal/grpc/repository_server.go:191.3,191.20 1 0
github.com/drewpayment/orbit/services/repository/internal/grpc/repository_server.go:195.2,211.23 3 0
github.com/drewpayment/orbit/services/repository/internal/grpc/repository_server.go:211.23,215.3 1 0
github.com/drewpayment/orbit/services/repository/internal/grpc/repository_server.go:218.2,219.16 2 0
github.com/drewpayment/orbit/services/repository/internal/grpc/repository_server.go:219.16,222.3 2 0
github.com/drewpayment/orbit/services/repository/internal/grpc/repository_server.go:224.2,228.50 2 0
github.com/drewpayment/orbit/services/repository/internal/grpc/repository_server.go:228.50,230.3 1 0
github.com/drewpayment/orbit/services/repository/internal/grpc/repository_server.go:232.2,236.8 1 0
github.com/drewpayment/orbit/services/repository/internal/grpc/repository_server.go:240.122,244.18 2 0
github.com/drewpayment/orbit/services/repository/internal/grpc/repository_server.go:244.18,246.3 1 0
github.com/drewpayment/orbit/services/repository/internal/grpc/repository_server.go:249.2,250.16 2 0
github.com/drewpayment/orbit/services/repository/internal/grpc/repository_server.go:250.16,253.3 2 0
github.com/drewpayment/orbit/services/repository/internal/grpc/repository_server.go:256.2,257.16 2 0
github.com/drewpayment/orbit/services/repository/internal/grpc/repository_server.go:257.16,260.3 2 0
github.com/drewpayment/orbit/services/repository/internal/grpc/repository_server.go:263.2,264.16 2 0
github.com/drewpayment/orbit/services/repository/internal/grpc/repository_server.go:264.16,267.3 2 0
github.com/drewpayment/orbit/services/repository/internal/grpc/repository_server.go:269.2,275.8 2 0
github.com/drewpayment/orbit/services/repository/internal/grpc/repository_server.go:279.131,284.16 3 0
github.com/drewpayment/orbit/services/repository/internal/grpc/repository_server.go:284.16,287.3 2 0
github.com/drewpayment/orbit/services/repository/internal/grpc/repository_server.go:290.2,291.16 2 0
github.com/drewpayment/orbit/services/repository/internal/grpc/repository_server.go:291.16,294.3 2 0
github.com/drewpayment/orbit/services/repository/internal/grpc/repository_server.go:297.2,297.54 1 0
github.com/drewpayment/orbit/services/repository/internal/grpc/repository_server.go:297.54,301.3 2 0
github.com/drewpayment/orbit/services/repository/internal/grpc/repository_server.go:304.2,308.16 3 0
github.com/drewpayment/orbit/services/repository/internal/grpc/repository_server.go:308.16,311.3 2 0
github.com/drewpayment/orbit/services/repository/internal/grpc/repository_server.go:313.2,323.8 2 0
github.com/drewpayment/orbit/services/repository/internal/grpc/repository_server.go:327.131,331.63 2 0
github.com/drewpayment/orbit/services/repository/internal/grpc/repository_server.go:331.63,334.3 2 0
github.com/drewpayment/orbit/services/repository/internal/grpc/repository_server.go:337.2,338.16 2 0
github.com/drewpayment/orbit/services/repository/internal/grpc/repository_server.go:338.16,341.3 2 0
github.com/drewpayment/orbit/services/repository/internal/grpc/repository_server.go:344.2,345.16 2 0
github.com/drewpayment/orbit/services/repository/internal/grpc/repository_server.go:345.16,348.3 2 0
github.com/drewpayment/orbit/services/repository/internal/grpc/repository_server.go:351.2,362.16 4 0
github.com/drewpayment/orbit/services/repository/internal/grpc/repository_server.go:362.16,365.3 2 0
github.com/drewpayment/orbit/services/repository/internal/grpc/repository_server.go:367.2,373.8 2 0
github.com/drewpayment/orbit/services/repository/internal/grpc/repository_server.go:377.131,381.18 2 0
github.com/drewpayment/orbit/services/repository/internal/grpc/repository_server.go:381.18,383.3 1 0
github.com/drewpayment/orbit/services/repository/internal/grpc/repository_server.go:386.2,387.16 2 0
github.com/drewpayment/orbit/services/repository/internal/grpc/repository_server.go:387.16,390.3 2 0
github.com/drewpayment/orbit/services/repository/internal/grpc/repository_server.go:393.2,394.16 2 0
github.com/drewpayment/orbit/services/repository/internal/grpc/repository_server.go:394.16,397.3 2 0
github.com/drewpayment/orbit/services/repository/internal/grpc/repository_server.go:400.2,400.88 1 0
github.com/drewpayment/orbit/services/repository/internal/grpc/repository_server.go:400.88,403.3 2 0
github.com/drewpayment/orbit/services/repository/internal/grpc/repository_server.go:405.2,410.8 2 0
github.com/drewpayment/orbit/services/repository/internal/grpc/repository_server.go:414.119,418.28 2 0
github.com/drewpayment/orbit/services/repository/internal/grpc/repository_server.go:418.28,420.3 1 0
github.com/drewpayment/orbit/services/repository/internal/grpc/repository_server.go:423.2,424.16 2 0
github.com/drewpayment/orbit/services/repository/internal/grpc/repository_server.go:424.16,427.3 2 0
github.com/drewpayment/orbit/services/repository/internal/grpc/repository_server.go:430.2,431.16 2 0
github.com/drewpayment/orbit/services/repository/internal/grpc/repository_server.go:431.16,434.3 2 0
github.com/drewpayment/orbit/services/repository/internal/grpc/repository_server.go:438.2,445.8 2 0
github.com/drewpayment/orbit/services/repository/internal/grpc/repository_server.go:450.96,451.27 1 0
github.com/drewpayment/orbit/services/repository/internal/grpc/repository_server.go:451.27,453.3 1 0
github.com/drewpayment/orbit/services/repository/internal/grpc/repository_server.go:454.2,454.20 1 0
github.com/drewpayment/orbit/services/repository/internal/grpc/repository_server.go:454.20,456.3 1 0
github.com/drewpayment/orbit/services/repository/internal/grpc/repository_server.go:457.2,457.20 1 0
github.com/drewpayment/orbit/services/repository/internal/grpc/repository_server.go:457.20,459.3 1 0
github.com/drewpayment/orbit/services/repository/internal/grpc/repository_server.go:460.2,460.12 1 0
github.com/drewpayment/orbit/services/repository/internal/grpc/repository_server.go:463.96,464.18 1 0
github.com/drewpayment/orbit/services/repository/internal/grpc/repository_server.go:464.18,466.3 1 0
github.com/drewpayment/orbit/services/repository/internal/grpc/repository_server.go:467.2,467.12 1 0
github.com/drewpayment/orbit/services/repository/internal/grpc/repository_server.go:472.105,475.16 2 0
github.com/drewpayment/orbit/services/repository/internal/grpc/repository_server.go:475.16,479.3 2 0
github.com/drewpayment/orbit/services/repository/internal/grpc/repository_server.go:481.2,481.56 1 0
github.com/drewpayment/orbit/services/repository/internal/grpc/repository_server.go:484.105,486.16 2 0
github.com/drewpayment/orbit/services/repository/internal/grpc/repository_server.go:486.16,490.3 2 0
github.com/drewpayment/orbit/services/repository/internal/grpc/repository_server.go:491.2,491.56 1 0
github.com/drewpayment/orbit/services/repository/internal/grpc/repository_server.go:496.90,497.20 1 0
github.com/drewpayment/orbit/services/repository/internal/grpc/repository_server.go:498.17,499.43 1 0
github.com/drewpayment/orbit/services/repository/internal/grpc/repository_server.go:500.16,501.42 1 0
github.com/drewpayment/orbit/services/repository/internal/grpc/repository_server.go:502.10,503.43 1 0
github.com/drewpayment/orbit/services/repository/internal/grpc/repository_server.go:507.98,508.56 1 0
github.com/drewpayment/orbit/services/repository/internal/grpc/repository_server.go:508.56,510.3 1 0
github.com/drewpayment/orbit/services/repository/internal/grpc/repository_server.go:511.2,511.13 1 0
github.com/drewpayment/orbit/services/repository/internal/grpc/repository_server.go:514.118,517.30 2 0
github.com/drewpayment/orbit/services/repository/internal/grpc/repository_server.go:517.30,519.3 1 0
github.com/drewpayment/orbit/services/repository/internal/grpc/repository_server.go:520.2,520.15 1 0
github.com/drewpayment/orbit/services/repository/internal/grpc/repository_server.go:523.111,535.24 2 0
github.com/drewpayment/orbit/services/repository/internal/grpc/repository_server.go:535.24,537.3 1 0
github.com/drewpayment/orbit/services/repository/internal/grpc/repository_server.go:538.2,538.26 1 0
github.com/drewpayment/orbit/services/repository/internal/grpc/repository_server.go:538.26,540.3 1 0
github.com/drewpayment/orbit/services/repository/internal/grpc/repository_server.go:541.2,541.29 1 0
github.com/drewpayment/orbit/services/repository/internal/grpc/repository_server.go:541.29,543.3 1 0
github.com/drewpayment/orbit/services/repository/internal/grpc/repository_server.go:545.2,545.16 1 0
github.com/drewpayment/orbit/services/repository/internal/grpc/repository_server.go:550.82,553.9 2 0
github.com/drewpayment/orbit/services/repository/internal/grpc/repository_server.go:553.9,555.3 1 0
github.com/drewpayment/orbit/services/repository/internal/grpc/repository_server.go:557.2,558.23 2 0
github.com/drewpayment/orbit/services/repository/internal/grpc/repository_server.go:558.23,560.3 1 0
github.com/drewpayment/orbit/services/repository/internal/grpc/repository_server.go:562.2,563.16 2 0
github.com/drewpayment/orbit/services/repository/internal/grpc/repository_server.go:563.16,565.3 1 0
github.com/drewpayment/orbit/services/repository/internal/grpc/repository_server.go:567.2,567.20 1 0
github.com/drewpayment/orbit/services/repository/internal/grpc/repository_server.go:570.64,571.16 1 0
github.com/drewpayment/orbit/services/repository/internal/grpc/repository_server.go:571.16,573.3 1 0
github.com/drewpayment/orbit/services/repository/internal/grpc/repository_server.go:577.2,577.9 1 0
github.com/drewpayment/orbit/services/repository/internal/grpc/repository_server.go:578.39,579.52 1 0
github.com/drewpayment/orbit/services/repository/internal/grpc/repository_server.go:580.44,581.57 1 0
github.com/drewpayment/orbit/services/repository/internal/grpc/repository_server.go:582.45,583.59 1 0
github.com/drewpayment/orbit/services/repository/internal/grpc/repository_server.go:584.42,585.59 1 0
github.com/drewpayment/orbit/services/repository/internal/grpc/repository_server.go:586.39,587.60 1 0
github.com/drewpayment/orbit/services/repository/internal/grpc/repository_server.go:588.10,590.64 2 0
github.com/drewpayment/orbit/services/repository/internal/grpc/repository_server.go:594.104,600.2 1 0
github.com/drewpayment/orbit/services/repository/internal/grpc/repository_server.go:603.54,607.2 1 0
github.com/drewpayment/orbit/services/repository/internal/grpc/repository_server.go:610.68,614.2 1 0
github.com/drewpayment/orbit/services/repository/internal/grpc/temporal_server.go:158.56,162.2 1 0
github.com/drewpayment/orbit/services/repository/internal/grpc/temporal_server.go:165.120,169.51 2 0
github.com/drewpayment/orbit/services/repository/internal/grpc/temporal_server.go:169.51,171.3 1 0
github.com/drewpayment/orbit/services/repository/internal/grpc/temporal_server.go:174.2,175.16 2 0
github.com/drewpayment/orbit/services/repository/internal/grpc/temporal_server.go:175.16,178.3 2 0
github.com/drewpayment/orbit/services/repository/internal/grpc/temporal_server.go:181.2,182.16 2 0
github.com/drewpayment/orbit/services/repository/internal/grpc/temporal_server.go:182.16,185.3 2 0
github.com/drewpayment/orbit/services/repository/internal/grpc/temporal_server.go:188.2,188.51 1 0
github.com/drewpayment/orbit/services/repository/internal/grpc/temporal_server.go:188.51,192.3 2 0
github.com/drewpayment/orbit/services/repository/internal/grpc/temporal_server.go:195.2,196.22 2 0
github.com/drewpayment/orbit/services/repository/internal/grpc/temporal_server.go:196.22,198.3 1 0
github.com/drewpayment/orbit/services/repository/internal/grpc/temporal_server.go:201.2,210.8 2 0
github.com/drewpayment/orbit/services/repository/internal/grpc/temporal_server.go:214.132,218.26 2 0
github.com/drewpayment/orbit/services/repository/internal/grpc/temporal_server.go:218.26,220.3 1 0
github.com/drewpayment/orbit/services/repository/internal/grpc/temporal_server.go:223.2,224.16 2 0
github.com/drewpayment/orbit/services/repository/internal/grpc/temporal_server.go:224.16,227.3 2 0
github.com/drewpayment/orbit/services/repository/internal/grpc/temporal_server.go:230.2,230.53 1 0
github.com/drewpayment/orbit/services/repository/internal/grpc/temporal_server.go:230.53,234.3 2 0
github.com/drewpayment/orbit/services/repository/internal/grpc/temporal_server.go:237.2,250.8 2 0
github.com/drewpayment/orbit/services/repository/internal/grpc/temporal_server.go:254.120,259.16 3 0
github.com/drewpayment/orbit/services/repository/internal/grpc/temporal_server.go:259.16,262.3 2 0
github.com/drewpayment/orbit/services/repository/internal/grpc/temporal_server.go:265.2,266.27 2 0
github.com/drewpayment/orbit/services/repository/internal/grpc/temporal_server.go:266.27,268.17 2 0
github.com/drewpayment/orbit/services/repository/internal/grpc/temporal_server.go:268.17,271.4 2 0
github.com/drewpayment/orbit/services/repository/internal/grpc/temporal_server.go:272.8,275.17 2 0
github.com/drewpayment/orbit/services/repository/internal/grpc/temporal_server.go:275.17,278.4 2 0
github.com/drewpayment/orbit/services/repository/internal/grpc/temporal_server.go:282.2,282.51 1 0
github.com/drewpayment/orbit/services/repository/internal/grpc/temporal_server.go:282.51,286.3 2 0
github.com/drewpayment/orbit/services/repository/internal/grpc/temporal_server.go:289.2,299.8 2 0
github.com/drewpayment/orbit/services/repository/internal/grpc/temporal_server.go:303.123,307.26 2 0
github.com/drewpayment/orbit/services/repository/internal/grpc/temporal_server.go:307.26,309.3 1 0
github.com/drewpayment/orbit/services/repository/internal/grpc/temporal_server.go:312.2,313.16 2 0
github.com/drewpayment/orbit/services/repository/internal/grpc/temporal_server.go:313.16,316.3 2 0
github.com/drewpayment/orbit/services/repository/internal/grpc/temporal_server.go:319.2,319.55 1 0
github.com/drewpayment/orbit/services/repository/internal/grpc/temporal_server.go:319.55,323.3 2 0
github.com/drewpayment/orbit/services/repository/internal/grpc/temporal_server.go:326.2,332.8 2 0
github.com/drewpayment/orbit/services/repository/internal/grpc/temporal_server.go:336.132,340.26 2 0
github.com/drewpayment/orbit/services/repository/internal/grpc/temporal_server.go:340.26,342.3 1 0
github.com/drewpayment/orbit/services/repository/internal/grpc/temporal_server.go:345.2,346.16 2 0
github.com/drewpayment/orbit/services/repository/internal/grpc/temporal_server.go:346.16,349.3 2 0
github.com/drewpayment/orbit/services/repository/internal/grpc/temporal_server.go:352.2,352.58 1 0
github.com/drewpayment/orbit/services/repository/internal/grpc/temporal_server.go:352.58,356.3 2 0
github.com/drewpayment/orbit/services/repository/internal/grpc/temporal_server.go:359.2,365.8 2 0
github.com/drewpayment/orbit/services/repository/internal/grpc/temporal_server.go:369.123,373.50 2 0
github.com/drewpayment/orbit/services/repository/internal/grpc/temporal_server.go:373.50,375.3 1 0
github.com/drewpayment/orbit/services/repository/internal/grpc/temporal_server.go:378.2,379.16 2 0
github.com/drewpayment/orbit/services/repository/internal/grpc/temporal_server.go:379.16,382.3 2 0
github.com/drewpayment/orbit/services/repository/internal/grpc/temporal_server.go:385.2,385.55 1 0
github.com/drewpayment/orbit/services/repository/internal/grpc/temporal_server.go:385.55,389.3 2 0
github.com/drewpayment/orbit/services/repository/internal/grpc/temporal_server.go:392.2,398.8 2 0
github.com/drewpayment/orbit/services/repository/internal/grpc/temporal_server.go:402.120,406.49 2 0
github.com/drewpayment/orbit/services/repository/internal/grpc/temporal_server.go:406.49,408.3 1 0
github.com/drewpayment/orbit/services/repository/internal/grpc/temporal_server.go:411.2,412.16 2 0
github.com/drewpayment/orbit/services/repository/internal/grpc/temporal_server.go:412.16,415.3 2 0
github.com/drewpayment/orbit/services/repository/internal/grpc/temporal_server.go:418.2,418.54 1 0
github.com/drewpayment/orbit/services/repository/internal/grpc/temporal_server.go:418.54,422.3 2 0
github.com/drewpayment/orbit/services/repository/internal/grpc/temporal_server.go:425.2,432.8 2 0
github.com/drewpayment/orbit/services/repository/internal/grpc/temporal_server.go:438.80,442.2 1 0
github.com/drewpayment/orbit/services/repository/internal/grpc/temporal_server.go:445.85,449.2 1 0
github.com/drewpayment/orbit/services/repository/internal/grpc/temporal_server.go:452.100,455.2 1 0
github.com/drewpayment/orbit/services/repository/internal/grpc/temporal_server.go:457.105,460.2 1 0
github.com/drewpayment/orbit/services/repository/internal/grpc/temporal_server.go:462.100,465.2 1 0
github.com/drewpayment/orbit/services/repository/internal/grpc/temporal_server.go:467.107,470.2 1 0
github.com/drewpayment/orbit/services/repository/internal/grpc/temporal_server.go:472.110,475.2 1 0
github.com/drewpayment/orbit/services/repository/internal/grpc/temporal_server.go:477.107,480.2 1 0
github.com/drewpayment/orbit/services/repository/internal/grpc/temporal_server.go:482.106,485.2 1 0
github.com/drewpayment/orbit/services/repository/internal/grpc/temporal_server.go:488.66,492.2 1 0
github.com/drewpayment/orbit/services/repository/pkg/temporal.go:11.32,14.19 2 0
github.com/drewpayment/orbit/services/repository/pkg/temporal.go:14.19,16.3 1 0
github.com/drewpayment/orbit/services/repository/pkg/temporal.go:19.2,20.21 2 0
github.com/drewpayment/orbit/services/repository/pkg/temporal.go:20.21,22.3 1 0
github.com/drewpayment/orbit/services/repository/pkg/temporal.go:25.2,32.16 3 0
github.com/drewpayment/orbit/services/repository/pkg/temporal.go:32.16,34.3 1 0
github.com/drewpayment/orbit/services/repository/pkg/temporal.go:36.2,36.23 1 0
github.com/drewpayment/orbit/services/repository/pkg/monitoring/monitoring.go:9.31,10.12 1 0
github.com/drewpayment/orbit/services/repository/pkg/monitoring/monitoring.go:10.12,12.3 1 0
